0 verbose cli F:\nodejs\node.exe F:\nodejs\node_modules\npm\bin\npm-cli.js
1 info using npm@11.9.0
2 info using node@v24.14.0
3 silly config load:file:F:\nodejs\node_modules\npm\npmrc
4 silly config load:file:D:\Desktop\公司项目\Solo\auto_demo\.npmrc
5 silly config load:file:C:\Users\27857\.npmrc
6 silly config load:file:F:\nodejs\node_global\etc\npmrc
7 verbose title npm run dev
8 verbose argv "run" "dev"
9 verbose logfile logs-max:10 dir:D:\Desktop\公司项目\Solo\auto_demo\.npm-cache\_logs\2026-05-02T07_55_31_989Z-
10 verbose logfile D:\Desktop\公司项目\Solo\auto_demo\.npm-cache\_logs\2026-05-02T07_55_31_989Z-debug-0.log
11 silly logfile done cleaning log files
12 verbose stack Error: Missing script: "dev"
12 verbose stack
12 verbose stack To see a list of scripts, run:
12 verbose stack   npm run
12 verbose stack     at #run (F:\nodejs\node_modules\npm\lib\commands\run.js:115:13)
12 verbose stack     at async RunScript.exec (F:\nodejs\node_modules\npm\lib\commands\run.js:44:7)
12 verbose stack     at async Npm.exec (F:\nodejs\node_modules\npm\lib\npm.js:208:9)
12 verbose stack     at async module.exports (F:\nodejs\node_modules\npm\lib\cli\entry.js:67:5)
13 error Missing script: "dev"
13 error
13 error To see a list of scripts, run:
13 error   npm run
14 verbose cwd D:\Desktop\公司项目\Solo\auto_demo
15 verbose os Windows_NT 10.0.26200
16 verbose node v24.14.0
17 verbose npm  v11.9.0
18 verbose exit 1
19 verbose code 1
20 error A complete log of this run can be found in: D:\Desktop\公司项目\Solo\auto_demo\.npm-cache\_logs\2026-05-02T07_55_31_989Z-debug-0.log
